2025-06-16 23:21:08,930   INFO  **********************Start logging**********************
2025-06-16 23:21:08,930   INFO  CUDA_VISIBLE_DEVICES=ALL
2025-06-16 23:21:08,930   INFO  Training with a single process
2025-06-16 23:21:08,930   INFO  cfg_file         /root/autodl-tmp/BEVCar/OpenPCDet/tools/cfgs/nuscenes_models/bevfusion.yaml
2025-06-16 23:21:08,930   INFO  batch_size       3
2025-06-16 23:21:08,930   INFO  epochs           6
2025-06-16 23:21:08,930   INFO  workers          4
2025-06-16 23:21:08,930   INFO  extra_tag        default
2025-06-16 23:21:08,930   INFO  ckpt             None
2025-06-16 23:21:08,930   INFO  pretrained_model None
2025-06-16 23:21:08,930   INFO  launcher         none
2025-06-16 23:21:08,930   INFO  tcp_port         18888
2025-06-16 23:21:08,930   INFO  sync_bn          False
2025-06-16 23:21:08,930   INFO  fix_random_seed  False
2025-06-16 23:21:08,930   INFO  ckpt_save_interval 1
2025-06-16 23:21:08,930   INFO  local_rank       None
2025-06-16 23:21:08,930   INFO  max_ckpt_save_num 30
2025-06-16 23:21:08,930   INFO  merge_all_iters_to_one_epoch False
2025-06-16 23:21:08,930   INFO  set_cfgs         None
2025-06-16 23:21:08,930   INFO  max_waiting_mins 0
2025-06-16 23:21:08,930   INFO  start_epoch      0
2025-06-16 23:21:08,931   INFO  num_epochs_to_eval 0
2025-06-16 23:21:08,931   INFO  save_to_file     False
2025-06-16 23:21:08,931   INFO  use_tqdm_to_record False
2025-06-16 23:21:08,931   INFO  logger_iter_interval 50
2025-06-16 23:21:08,931   INFO  ckpt_save_time_interval 300
2025-06-16 23:21:08,931   INFO  wo_gpu_stat      False
2025-06-16 23:21:08,931   INFO  use_amp          False
2025-06-16 23:21:08,931   INFO  cfg.ROOT_DIR: /root/autodl-tmp/BEVCar/OpenPCDet
2025-06-16 23:21:08,931   INFO  cfg.LOCAL_RANK: 0
2025-06-16 23:21:08,931   INFO  cfg.CLASS_NAMES: ['car', 'truck', 'construction_vehicle', 'bus', 'trailer', 'barrier', 'motorcycle', 'bicycle', 'pedestrian', 'traffic_cone']
2025-06-16 23:21:08,931   INFO  ----------- DATA_CONFIG -----------
2025-06-16 23:21:08,931   INFO  cfg.DATA_CONFIG.DATASET: NuScenesDataset
2025-06-16 23:21:08,931   INFO  cfg.DATA_CONFIG.DATA_PATH: autodl-tmp/nuscenes
2025-06-16 23:21:08,931   INFO  cfg.DATA_CONFIG.VERSION: v1.0-mini
2025-06-16 23:21:08,931   INFO  cfg.DATA_CONFIG.MAX_SWEEPS: 10
2025-06-16 23:21:08,931   INFO  cfg.DATA_CONFIG.PRED_VELOCITY: True
2025-06-16 23:21:08,931   INFO  cfg.DATA_CONFIG.SET_NAN_VELOCITY_TO_ZEROS: True
2025-06-16 23:21:08,931   INFO  cfg.DATA_CONFIG.FILTER_MIN_POINTS_IN_GT: 1
2025-06-16 23:21:08,931   INFO  ----------- DATA_SPLIT -----------
2025-06-16 23:21:08,931   INFO  cfg.DATA_CONFIG.DATA_SPLIT.train: train
2025-06-16 23:21:08,931   INFO  cfg.DATA_CONFIG.DATA_SPLIT.test: val
2025-06-16 23:21:08,931   INFO  ----------- INFO_PATH -----------
2025-06-16 23:21:08,931   INFO  cfg.DATA_CONFIG.INFO_PATH.train: ['nuscenes_infos_10sweeps_train.pkl']
2025-06-16 23:21:08,931   INFO  cfg.DATA_CONFIG.INFO_PATH.test: ['nuscenes_infos_10sweeps_val.pkl']
2025-06-16 23:21:08,931   INFO  cfg.DATA_CONFIG.POINT_CLOUD_RANGE: [-54.0, -54.0, -5.0, 54.0, 54.0, 3.0]
2025-06-16 23:21:08,931   INFO  cfg.DATA_CONFIG.BALANCED_RESAMPLING: True
2025-06-16 23:21:08,931   INFO  ----------- DATA_AUGMENTOR -----------
2025-06-16 23:21:08,931   INFO  cfg.DATA_CONFIG.DATA_AUGMENTOR.DISABLE_AUG_LIST: ['placeholder']
2025-06-16 23:21:08,931   INFO  cfg.DATA_CONFIG.DATA_AUGMENTOR.AUG_CONFIG_LIST: [{'NAME': 'random_world_flip', 'ALONG_AXIS_LIST': ['x', 'y']}, {'NAME': 'random_world_rotation', 'WORLD_ROT_ANGLE': [-0.78539816, 0.78539816]}, {'NAME': 'random_world_scaling', 'WORLD_SCALE_RANGE': [0.9, 1.1]}, {'NAME': 'random_world_translation', 'NOISE_TRANSLATE_STD': [0.5, 0.5, 0.5]}, {'NAME': 'imgaug', 'ROT_LIM': [-5.4, 5.4], 'RAND_FLIP': True}]
2025-06-16 23:21:08,931   INFO  ----------- POINT_FEATURE_ENCODING -----------
2025-06-16 23:21:08,931   INFO  cfg.DATA_CONFIG.POINT_FEATURE_ENCODING.encoding_type: absolute_coordinates_encoding
2025-06-16 23:21:08,931   INFO  cfg.DATA_CONFIG.POINT_FEATURE_ENCODING.used_feature_list: ['x', 'y', 'z', 'intensity', 'timestamp']
2025-06-16 23:21:08,931   INFO  cfg.DATA_CONFIG.POINT_FEATURE_ENCODING.src_feature_list: ['x', 'y', 'z', 'intensity', 'timestamp']
2025-06-16 23:21:08,931   INFO  cfg.DATA_CONFIG.DATA_PROCESSOR: [{'NAME': 'mask_points_and_boxes_outside_range', 'REMOVE_OUTSIDE_BOXES': True}, {'NAME': 'shuffle_points', 'SHUFFLE_ENABLED': {'train': True, 'test': True}}, {'NAME': 'transform_points_to_voxels', 'VOXEL_SIZE': [0.075, 0.075, 0.2], 'MAX_POINTS_PER_VOXEL': 10, 'MAX_NUMBER_OF_VOXELS': {'train': 120000, 'test': 160000}}, {'NAME': 'image_calibrate'}, {'NAME': 'image_normalize', 'mean': [0.485, 0.456, 0.406], 'std': [0.229, 0.224, 0.225]}]
2025-06-16 23:21:08,931   INFO  cfg.DATA_CONFIG._BASE_CONFIG_: /root/autodl-tmp/BEVCar/OpenPCDet/tools/cfgs/dataset_configs/nuscenes_dataset.yaml
2025-06-16 23:21:08,931   INFO  ----------- CAMERA_CONFIG -----------
2025-06-16 23:21:08,931   INFO  cfg.DATA_CONFIG.CAMERA_CONFIG.USE_CAMERA: True
2025-06-16 23:21:08,931   INFO  ----------- IMAGE -----------
2025-06-16 23:21:08,931   INFO  cfg.DATA_CONFIG.CAMERA_CONFIG.IMAGE.FINAL_DIM: [256, 704]
2025-06-16 23:21:08,931   INFO  cfg.DATA_CONFIG.CAMERA_CONFIG.IMAGE.RESIZE_LIM_TRAIN: [0.38, 0.55]
2025-06-16 23:21:08,931   INFO  cfg.DATA_CONFIG.CAMERA_CONFIG.IMAGE.RESIZE_LIM_TEST: [0.48, 0.48]
2025-06-16 23:21:08,931   INFO  ----------- MODEL -----------
2025-06-16 23:21:08,931   INFO  cfg.MODEL.NAME: BevFusion
2025-06-16 23:21:08,931   INFO  ----------- VFE -----------
2025-06-16 23:21:08,931   INFO  cfg.MODEL.VFE.NAME: MeanVFE
2025-06-16 23:21:08,931   INFO  ----------- BACKBONE_3D -----------
2025-06-16 23:21:08,932   INFO  cfg.MODEL.BACKBONE_3D.NAME: VoxelResBackBone8x
2025-06-16 23:21:08,932   INFO  cfg.MODEL.BACKBONE_3D.USE_BIAS: False
2025-06-16 23:21:08,932   INFO  ----------- MAP_TO_BEV -----------
2025-06-16 23:21:08,932   INFO  cfg.MODEL.MAP_TO_BEV.NAME: HeightCompression
2025-06-16 23:21:08,932   INFO  cfg.MODEL.MAP_TO_BEV.NUM_BEV_FEATURES: 256
2025-06-16 23:21:08,932   INFO  ----------- IMAGE_BACKBONE -----------
2025-06-16 23:21:08,932   INFO  cfg.MODEL.IMAGE_BACKBONE.NAME: SwinTransformer
2025-06-16 23:21:08,932   INFO  cfg.MODEL.IMAGE_BACKBONE.EMBED_DIMS: 96
2025-06-16 23:21:08,932   INFO  cfg.MODEL.IMAGE_BACKBONE.DEPTHS: [2, 2, 6, 2]
2025-06-16 23:21:08,932   INFO  cfg.MODEL.IMAGE_BACKBONE.NUM_HEADS: [3, 6, 12, 24]
2025-06-16 23:21:08,932   INFO  cfg.MODEL.IMAGE_BACKBONE.WINDOW_SIZE: 7
2025-06-16 23:21:08,932   INFO  cfg.MODEL.IMAGE_BACKBONE.MLP_RATIO: 4
2025-06-16 23:21:08,932   INFO  cfg.MODEL.IMAGE_BACKBONE.DROP_RATE: 0.0
2025-06-16 23:21:08,932   INFO  cfg.MODEL.IMAGE_BACKBONE.ATTN_DROP_RATE: 0.0
2025-06-16 23:21:08,932   INFO  cfg.MODEL.IMAGE_BACKBONE.DROP_PATH_RATE: 0.2
2025-06-16 23:21:08,932   INFO  cfg.MODEL.IMAGE_BACKBONE.PATCH_NORM: True
2025-06-16 23:21:08,932   INFO  cfg.MODEL.IMAGE_BACKBONE.OUT_INDICES: [1, 2, 3]
2025-06-16 23:21:08,932   INFO  cfg.MODEL.IMAGE_BACKBONE.WITH_CP: False
2025-06-16 23:21:08,932   INFO  cfg.MODEL.IMAGE_BACKBONE.CONVERT_WEIGHTS: True
2025-06-16 23:21:08,932   INFO  ----------- INIT_CFG -----------
2025-06-16 23:21:08,932   INFO  cfg.MODEL.IMAGE_BACKBONE.INIT_CFG.type: Pretrained
2025-06-16 23:21:08,932   INFO  cfg.MODEL.IMAGE_BACKBONE.INIT_CFG.checkpoint: swint-nuimages-pretrained.pth
2025-06-16 23:21:08,932   INFO  ----------- NECK -----------
2025-06-16 23:21:08,932   INFO  cfg.MODEL.NECK.NAME: GeneralizedLSSFPN
2025-06-16 23:21:08,932   INFO  cfg.MODEL.NECK.IN_CHANNELS: [192, 384, 768]
2025-06-16 23:21:08,932   INFO  cfg.MODEL.NECK.OUT_CHANNELS: 256
2025-06-16 23:21:08,932   INFO  cfg.MODEL.NECK.START_LEVEL: 0
2025-06-16 23:21:08,932   INFO  cfg.MODEL.NECK.END_LEVEL: -1
2025-06-16 23:21:08,932   INFO  cfg.MODEL.NECK.NUM_OUTS: 3
2025-06-16 23:21:08,932   INFO  ----------- VTRANSFORM -----------
2025-06-16 23:21:08,932   INFO  cfg.MODEL.VTRANSFORM.NAME: DepthLSSTransform
2025-06-16 23:21:08,932   INFO  cfg.MODEL.VTRANSFORM.IMAGE_SIZE: [256, 704]
2025-06-16 23:21:08,932   INFO  cfg.MODEL.VTRANSFORM.IN_CHANNEL: 256
2025-06-16 23:21:08,932   INFO  cfg.MODEL.VTRANSFORM.OUT_CHANNEL: 80
2025-06-16 23:21:08,932   INFO  cfg.MODEL.VTRANSFORM.FEATURE_SIZE: [32, 88]
2025-06-16 23:21:08,932   INFO  cfg.MODEL.VTRANSFORM.XBOUND: [-54.0, 54.0, 0.3]
2025-06-16 23:21:08,932   INFO  cfg.MODEL.VTRANSFORM.YBOUND: [-54.0, 54.0, 0.3]
2025-06-16 23:21:08,932   INFO  cfg.MODEL.VTRANSFORM.ZBOUND: [-10.0, 10.0, 20.0]
2025-06-16 23:21:08,932   INFO  cfg.MODEL.VTRANSFORM.DBOUND: [1.0, 60.0, 0.5]
2025-06-16 23:21:08,932   INFO  cfg.MODEL.VTRANSFORM.DOWNSAMPLE: 2
2025-06-16 23:21:08,932   INFO  ----------- FUSER -----------
2025-06-16 23:21:08,932   INFO  cfg.MODEL.FUSER.NAME: ConvFuser
2025-06-16 23:21:08,932   INFO  cfg.MODEL.FUSER.IN_CHANNEL: 336
2025-06-16 23:21:08,932   INFO  cfg.MODEL.FUSER.OUT_CHANNEL: 256
2025-06-16 23:21:08,932   INFO  ----------- BACKBONE_2D -----------
2025-06-16 23:21:08,932   INFO  cfg.MODEL.BACKBONE_2D.NAME: BaseBEVBackbone
2025-06-16 23:21:08,932   INFO  cfg.MODEL.BACKBONE_2D.LAYER_NUMS: [5, 5]
2025-06-16 23:21:08,932   INFO  cfg.MODEL.BACKBONE_2D.LAYER_STRIDES: [1, 2]
2025-06-16 23:21:08,932   INFO  cfg.MODEL.BACKBONE_2D.NUM_FILTERS: [128, 256]
2025-06-16 23:21:08,932   INFO  cfg.MODEL.BACKBONE_2D.UPSAMPLE_STRIDES: [1, 2]
2025-06-16 23:21:08,933   INFO  cfg.MODEL.BACKBONE_2D.NUM_UPSAMPLE_FILTERS: [256, 256]
2025-06-16 23:21:08,933   INFO  cfg.MODEL.BACKBONE_2D.USE_CONV_FOR_NO_STRIDE: True
2025-06-16 23:21:08,933   INFO  ----------- DENSE_HEAD -----------
2025-06-16 23:21:08,933   INFO  cfg.MODEL.DENSE_HEAD.CLASS_AGNOSTIC: False
2025-06-16 23:21:08,933   INFO  cfg.MODEL.DENSE_HEAD.NAME: TransFusionHead
2025-06-16 23:21:08,933   INFO  cfg.MODEL.DENSE_HEAD.USE_BIAS_BEFORE_NORM: False
2025-06-16 23:21:08,933   INFO  cfg.MODEL.DENSE_HEAD.NUM_PROPOSALS: 200
2025-06-16 23:21:08,933   INFO  cfg.MODEL.DENSE_HEAD.HIDDEN_CHANNEL: 128
2025-06-16 23:21:08,933   INFO  cfg.MODEL.DENSE_HEAD.NUM_CLASSES: 10
2025-06-16 23:21:08,933   INFO  cfg.MODEL.DENSE_HEAD.NUM_HEADS: 8
2025-06-16 23:21:08,933   INFO  cfg.MODEL.DENSE_HEAD.NMS_KERNEL_SIZE: 3
2025-06-16 23:21:08,933   INFO  cfg.MODEL.DENSE_HEAD.FFN_CHANNEL: 256
2025-06-16 23:21:08,933   INFO  cfg.MODEL.DENSE_HEAD.DROPOUT: 0.1
2025-06-16 23:21:08,933   INFO  cfg.MODEL.DENSE_HEAD.BN_MOMENTUM: 0.1
2025-06-16 23:21:08,933   INFO  cfg.MODEL.DENSE_HEAD.ACTIVATION: relu
2025-06-16 23:21:08,933   INFO  cfg.MODEL.DENSE_HEAD.NUM_HM_CONV: 2
2025-06-16 23:21:08,933   INFO  ----------- SEPARATE_HEAD_CFG -----------
2025-06-16 23:21:08,933   INFO  cfg.MODEL.DENSE_HEAD.SEPARATE_HEAD_CFG.HEAD_ORDER: ['center', 'height', 'dim', 'rot', 'vel']
2025-06-16 23:21:08,933   INFO  ----------- HEAD_DICT -----------
2025-06-16 23:21:08,933   INFO  ----------- center -----------
2025-06-16 23:21:08,933   INFO  cfg.MODEL.DENSE_HEAD.SEPARATE_HEAD_CFG.HEAD_DICT.center.out_channels: 2
2025-06-16 23:21:08,933   INFO  cfg.MODEL.DENSE_HEAD.SEPARATE_HEAD_CFG.HEAD_DICT.center.num_conv: 2
2025-06-16 23:21:08,933   INFO  ----------- height -----------
2025-06-16 23:21:08,933   INFO  cfg.MODEL.DENSE_HEAD.SEPARATE_HEAD_CFG.HEAD_DICT.height.out_channels: 1
2025-06-16 23:21:08,933   INFO  cfg.MODEL.DENSE_HEAD.SEPARATE_HEAD_CFG.HEAD_DICT.height.num_conv: 2
2025-06-16 23:21:08,933   INFO  ----------- dim -----------
2025-06-16 23:21:08,933   INFO  cfg.MODEL.DENSE_HEAD.SEPARATE_HEAD_CFG.HEAD_DICT.dim.out_channels: 3
2025-06-16 23:21:08,933   INFO  cfg.MODEL.DENSE_HEAD.SEPARATE_HEAD_CFG.HEAD_DICT.dim.num_conv: 2
2025-06-16 23:21:08,933   INFO  ----------- rot -----------
2025-06-16 23:21:08,933   INFO  cfg.MODEL.DENSE_HEAD.SEPARATE_HEAD_CFG.HEAD_DICT.rot.out_channels: 2
2025-06-16 23:21:08,933   INFO  cfg.MODEL.DENSE_HEAD.SEPARATE_HEAD_CFG.HEAD_DICT.rot.num_conv: 2
2025-06-16 23:21:08,933   INFO  ----------- vel -----------
2025-06-16 23:21:08,933   INFO  cfg.MODEL.DENSE_HEAD.SEPARATE_HEAD_CFG.HEAD_DICT.vel.out_channels: 2
2025-06-16 23:21:08,933   INFO  cfg.MODEL.DENSE_HEAD.SEPARATE_HEAD_CFG.HEAD_DICT.vel.num_conv: 2
2025-06-16 23:21:08,933   INFO  ----------- TARGET_ASSIGNER_CONFIG -----------
2025-06-16 23:21:08,933   INFO  cfg.MODEL.DENSE_HEAD.TARGET_ASSIGNER_CONFIG.FEATURE_MAP_STRIDE: 8
2025-06-16 23:21:08,933   INFO  cfg.MODEL.DENSE_HEAD.TARGET_ASSIGNER_CONFIG.DATASET: nuScenes
2025-06-16 23:21:08,933   INFO  cfg.MODEL.DENSE_HEAD.TARGET_ASSIGNER_CONFIG.GAUSSIAN_OVERLAP: 0.1
2025-06-16 23:21:08,933   INFO  cfg.MODEL.DENSE_HEAD.TARGET_ASSIGNER_CONFIG.MIN_RADIUS: 2
2025-06-16 23:21:08,933   INFO  ----------- HUNGARIAN_ASSIGNER -----------
2025-06-16 23:21:08,933   INFO  ----------- cls_cost -----------
2025-06-16 23:21:08,933   INFO  cfg.MODEL.DENSE_HEAD.TARGET_ASSIGNER_CONFIG.HUNGARIAN_ASSIGNER.cls_cost.gamma: 2.0
2025-06-16 23:21:08,933   INFO  cfg.MODEL.DENSE_HEAD.TARGET_ASSIGNER_CONFIG.HUNGARIAN_ASSIGNER.cls_cost.alpha: 0.25
2025-06-16 23:21:08,933   INFO  cfg.MODEL.DENSE_HEAD.TARGET_ASSIGNER_CONFIG.HUNGARIAN_ASSIGNER.cls_cost.weight: 0.15
2025-06-16 23:21:08,933   INFO  ----------- reg_cost -----------
2025-06-16 23:21:08,933   INFO  cfg.MODEL.DENSE_HEAD.TARGET_ASSIGNER_CONFIG.HUNGARIAN_ASSIGNER.reg_cost.weight: 0.25
2025-06-16 23:21:08,933   INFO  ----------- iou_cost -----------
2025-06-16 23:21:08,933   INFO  cfg.MODEL.DENSE_HEAD.TARGET_ASSIGNER_CONFIG.HUNGARIAN_ASSIGNER.iou_cost.weight: 0.25
2025-06-16 23:21:08,933   INFO  ----------- LOSS_CONFIG -----------
2025-06-16 23:21:08,933   INFO  ----------- LOSS_WEIGHTS -----------
2025-06-16 23:21:08,933   INFO  cfg.MODEL.DENSE_HEAD.LOSS_CONFIG.LOSS_WEIGHTS.cls_weight: 1.0
2025-06-16 23:21:08,934   INFO  cfg.MODEL.DENSE_HEAD.LOSS_CONFIG.LOSS_WEIGHTS.bbox_weight: 0.25
2025-06-16 23:21:08,934   INFO  cfg.MODEL.DENSE_HEAD.LOSS_CONFIG.LOSS_WEIGHTS.hm_weight: 1.0
2025-06-16 23:21:08,934   INFO  cfg.MODEL.DENSE_HEAD.LOSS_CONFIG.LOSS_WEIGHTS.code_weights: [1.0, 1.0, 1.0, 1.0, 1.0, 1.0, 1.0, 1.0, 0.2, 0.2]
2025-06-16 23:21:08,934   INFO  ----------- LOSS_CLS -----------
2025-06-16 23:21:08,934   INFO  cfg.MODEL.DENSE_HEAD.LOSS_CONFIG.LOSS_CLS.use_sigmoid: True
2025-06-16 23:21:08,934   INFO  cfg.MODEL.DENSE_HEAD.LOSS_CONFIG.LOSS_CLS.gamma: 2.0
2025-06-16 23:21:08,934   INFO  cfg.MODEL.DENSE_HEAD.LOSS_CONFIG.LOSS_CLS.alpha: 0.25
2025-06-16 23:21:08,934   INFO  ----------- POST_PROCESSING -----------
2025-06-16 23:21:08,934   INFO  cfg.MODEL.DENSE_HEAD.POST_PROCESSING.SCORE_THRESH: 0.0
2025-06-16 23:21:08,934   INFO  cfg.MODEL.DENSE_HEAD.POST_PROCESSING.POST_CENTER_RANGE: [-61.2, -61.2, -10.0, 61.2, 61.2, 10.0]
2025-06-16 23:21:08,934   INFO  ----------- POST_PROCESSING -----------
2025-06-16 23:21:08,934   INFO  cfg.MODEL.POST_PROCESSING.RECALL_THRESH_LIST: [0.3, 0.5, 0.7]
2025-06-16 23:21:08,934   INFO  cfg.MODEL.POST_PROCESSING.SCORE_THRESH: 0.1
2025-06-16 23:21:08,934   INFO  cfg.MODEL.POST_PROCESSING.OUTPUT_RAW_SCORE: False
2025-06-16 23:21:08,934   INFO  cfg.MODEL.POST_PROCESSING.EVAL_METRIC: kitti
2025-06-16 23:21:08,934   INFO  ----------- OPTIMIZATION -----------
2025-06-16 23:21:08,934   INFO  cfg.OPTIMIZATION.BATCH_SIZE_PER_GPU: 3
2025-06-16 23:21:08,934   INFO  cfg.OPTIMIZATION.NUM_EPOCHS: 6
2025-06-16 23:21:08,934   INFO  cfg.OPTIMIZATION.OPTIMIZER: adam_cosineanneal
2025-06-16 23:21:08,934   INFO  cfg.OPTIMIZATION.LR: 0.0001
2025-06-16 23:21:08,934   INFO  cfg.OPTIMIZATION.WEIGHT_DECAY: 0.01
2025-06-16 23:21:08,934   INFO  cfg.OPTIMIZATION.MOMENTUM: 0.9
2025-06-16 23:21:08,934   INFO  cfg.OPTIMIZATION.BETAS: [0.9, 0.999]
2025-06-16 23:21:08,934   INFO  cfg.OPTIMIZATION.MOMS: [0.9, 0.8052631]
2025-06-16 23:21:08,934   INFO  cfg.OPTIMIZATION.PCT_START: 0.4
2025-06-16 23:21:08,934   INFO  cfg.OPTIMIZATION.WARMUP_ITER: 500
2025-06-16 23:21:08,934   INFO  cfg.OPTIMIZATION.DECAY_STEP_LIST: [35, 45]
2025-06-16 23:21:08,934   INFO  cfg.OPTIMIZATION.LR_WARMUP: False
2025-06-16 23:21:08,934   INFO  cfg.OPTIMIZATION.WARMUP_EPOCH: 1
2025-06-16 23:21:08,934   INFO  cfg.OPTIMIZATION.GRAD_NORM_CLIP: 35
2025-06-16 23:21:08,934   INFO  cfg.OPTIMIZATION.LOSS_SCALE_FP16: 32
2025-06-16 23:21:08,934   INFO  cfg.TAG: bevfusion
2025-06-16 23:21:08,934   INFO  cfg.EXP_GROUP_PATH: root/autodl-tmp/BEVCar/OpenPCDet/tools/cfgs/nuscenes_models
2025-06-16 23:21:08,941   INFO  ----------- Create dataloader & network & optimizer -----------
2025-06-16 23:21:08,941   INFO  Loading NuScenes dataset
2025-06-16 23:21:08,941   INFO  Total samples for NuScenes dataset: 0
